2019-09-09T06:57:39+00:00 DEBUG 
====Stripe Version: 4.2.3====
====Start Log====
Keys are not set correctly.
====End Log====


2019-09-09T06:57:39+00:00 DEBUG 
====Stripe Version: 4.2.3====
====Start Log====
Keys are not set correctly.
====End Log====


2019-09-09T06:58:44+00:00 DEBUG 
====Stripe Version: 4.2.3====
====Start Log====
Keys are not set correctly.
====End Log====


2019-09-09T06:58:44+00:00 DEBUG 
====Stripe Version: 4.2.3====
====Start Log====
Keys are not set correctly.
====End Log====


2019-09-09T07:00:01+00:00 DEBUG 
====Stripe Version: 4.2.3====
====Start Log====
Keys are not set correctly.
====End Log====


2019-09-09T07:00:02+00:00 DEBUG 
====Stripe Version: 4.2.3====
====Start Log====
Keys are not set correctly.
====End Log====


